2002.07.26 14:58 B C:\QBASIC\Adc\FIGURAS\CHAVE.ADC --> ftp.brturbo.com / CHAVE.ADC
2002.07.26 14:58 B C:\QBASIC\Adc\FIGURAS\CHAVEM.ADC --> ftp.brturbo.com / CHAVEM.ADC
2002.07.26 14:58 B C:\QBASIC\Adc\FIGURAS\CHAVER.ADC --> ftp.brturbo.com / CHAVER.ADC
2002.07.26 14:58 B C:\QBASIC\Adc\FIGURAS\DOUTOR.ADC --> ftp.brturbo.com / DOUTOR.ADC
2002.07.26 14:58 B C:\QBASIC\Adc\FIGURAS\DOUTORF.ADC --> ftp.brturbo.com / DOUTORF.ADC
2002.07.26 14:58 B C:\QBASIC\Adc\FIGURAS\DOUTORH.ADC --> ftp.brturbo.com / DOUTORH.ADC
2002.07.26 14:58 B C:\QBASIC\Adc\FIGURAS\FELLIPE.ADC --> ftp.brturbo.com / FELLIPE.ADC
2002.07.26 14:58 B C:\QBASIC\Adc\FIGURAS\FOGO.ADC --> ftp.brturbo.com / FOGO.ADC
2002.07.26 14:58 B C:\QBASIC\Adc\FIGURAS\FOGO2.ADC --> ftp.brturbo.com / FOGO2.ADC
2002.07.26 14:58 B C:\QBASIC\Adc\FIGURAS\FOGO3.ADC --> ftp.brturbo.com / FOGO3.ADC
2002.07.26 14:58 B C:\QBASIC\Adc\FIGURAS\INIMIGO1.INF --> ftp.brturbo.com / INIMIGO1.INF
2002.07.26 14:58 B C:\QBASIC\Adc\FIGURAS\INIMIGO2.INF --> ftp.brturbo.com / INIMIGO2.INF
2002.07.26 14:58 B C:\QBASIC\Adc\FIGURAS\INIMIGO3.INF --> ftp.brturbo.com / INIMIGO3.INF
2002.07.26 14:58 B C:\QBASIC\Adc\FIGURAS\INIMIGO4.INF --> ftp.brturbo.com / INIMIGO4.INF
2002.07.26 14:58 B C:\QBASIC\Adc\FIGURAS\INIMIGO5.INF --> ftp.brturbo.com / INIMIGO5.INF
2002.07.26 14:58 B C:\QBASIC\Adc\FIGURAS\INIMIGO6.INF --> ftp.brturbo.com / INIMIGO6.INF
2002.07.26 14:58 B C:\QBASIC\Adc\FIGURAS\INIMIGO7.INF --> ftp.brturbo.com / INIMIGO7.INF
2002.07.26 14:58 B C:\QBASIC\Adc\FIGURAS\INIMIGO8.INF --> ftp.brturbo.com / INIMIGO8.INF
2002.07.26 14:58 B C:\QBASIC\Adc\FIGURAS\JEAN.ADC --> ftp.brturbo.com / JEAN.ADC
2002.07.26 14:58 B C:\QBASIC\Adc\FIGURAS\JULI.ADC --> ftp.brturbo.com / JULI.ADC
2002.07.26 14:58 B C:\QBASIC\Adc\FIGURAS\LASER.ADC --> ftp.brturbo.com / LASER.ADC
2002.07.26 14:58 B C:\QBASIC\Adc\FIGURAS\MAICON.ADC --> ftp.brturbo.com / MAICON.ADC
2002.07.26 14:58 B C:\QBASIC\Adc\FIGURAS\MCC.ADC --> ftp.brturbo.com / MCC.ADC
2002.07.26 14:58 B C:\QBASIC\Adc\FIGURAS\MCD.ADC --> ftp.brturbo.com / MCD.ADC
2002.07.26 14:58 B C:\QBASIC\Adc\FIGURAS\MCE.ADC --> ftp.brturbo.com / MCE.ADC
2002.07.26 14:58 B C:\QBASIC\Adc\FIGURAS\MCF.ADC --> ftp.brturbo.com / MCF.ADC
2002.07.26 14:58 B C:\QBASIC\Adc\FIGURAS\MHW.ADC --> ftp.brturbo.com / MHW.ADC
2002.07.26 14:58 B C:\QBASIC\Adc\FIGURAS\Paz.ani --> ftp.brturbo.com / Paz.ani
2002.07.26 14:58 B C:\QBASIC\Adc\FIGURAS\Paz.cfg --> ftp.brturbo.com / Paz.cfg
2002.07.26 14:58 B C:\QBASIC\Adc\FIGURAS\RAIO.ADC --> ftp.brturbo.com / RAIO.ADC
2002.07.26 14:58 B C:\QBASIC\Adc\FIGURAS\RKO.ADC --> ftp.brturbo.com / RKO.ADC
2002.07.26 14:58 B C:\QBASIC\Adc\FIGURAS\RKO1N.ADC --> ftp.brturbo.com / RKO1N.ADC
2002.07.26 14:58 B C:\QBASIC\Adc\FIGURAS\ROBO4.ADC --> ftp.brturbo.com / ROBO4.ADC
2002.07.26 14:58 B C:\QBASIC\Adc\FIGURAS\RON.ADC --> ftp.brturbo.com / RON.ADC
2002.07.26 14:58 B C:\QBASIC\Adc\FIGURAS\SONIC.ADC --> ftp.brturbo.com / SONIC.ADC
2002.07.26 14:58 B C:\QBASIC\Adc\FIGURAS\TRW.ADC --> ftp.brturbo.com / TRW.ADC
2002.07.26 14:58 B C:\QBASIC\Adc\FIGURAS\ZONA1.ADC --> ftp.brturbo.com / ZONA1.ADC
2002.07.26 14:58 B C:\QBASIC\Adc\FIGURAS\ZONA1F.ADC --> ftp.brturbo.com / ZONA1F.ADC
2002.07.26 14:59 B C:\QBASIC\Adc\FIGURAS\ZONA2.ADC --> ftp.brturbo.com / ZONA2.ADC
2002.07.26 14:59 B C:\QBASIC\Adc\FIGURAS\ZONA2F.ADC --> ftp.brturbo.com / ZONA2F.ADC
2002.07.26 14:59 B C:\QBASIC\Adc\FIGURAS\ZONA3.ADC --> ftp.brturbo.com / ZONA3.ADC
2002.07.26 14:59 B C:\QBASIC\Adc\FIGURAS\ZONA3F.ADC --> ftp.brturbo.com / ZONA3F.ADC
